2019-12-12 13:04:34.122 [main] ERROR  - Catching
java.lang.Exception: There is an exception here
	at Main.createStationIndex(Main.java:105) [classes/:?]
	at Main.getRouteCalculator(Main.java:54) [classes/:?]
	at Main.main(Main.java:35) [classes/:?]
2019-12-12 13:04:34.216 [main] ERROR Main - EXCEPTION_MARKER
java.lang.Exception: There is an exception here
	at Main.createStationIndex(Main.java:105) [classes/:?]
	at Main.getRouteCalculator(Main.java:54) [classes/:?]
	at Main.main(Main.java:35) [classes/:?]
2019-12-12 13:11:00.668 [main] ERROR  - Catching
java.lang.Exception: There is an exception here
	at Main.createStationIndex(Main.java:105) [classes/:?]
	at Main.getRouteCalculator(Main.java:54) [classes/:?]
	at Main.main(Main.java:35) [classes/:?]
2019-12-12 13:11:00.805 [main] ERROR Main - EXCEPTION_MARKER
java.lang.Exception: There is an exception here
	at Main.createStationIndex(Main.java:105) [classes/:?]
	at Main.getRouteCalculator(Main.java:54) [classes/:?]
	at Main.main(Main.java:35) [classes/:?]
2019-12-12 13:13:22.499 [main] ERROR  - Catching
java.lang.Exception: There is an exception here
	at Main.createStationIndex(Main.java:105) [classes/:?]
	at Main.getRouteCalculator(Main.java:54) [classes/:?]
	at Main.main(Main.java:35) [classes/:?]
2019-12-12 13:13:22.617 [main] ERROR Main - EXCEPTION_MARKER
java.lang.Exception: There is an exception here
	at Main.createStationIndex(Main.java:105) [classes/:?]
	at Main.getRouteCalculator(Main.java:54) [classes/:?]
	at Main.main(Main.java:35) [classes/:?]
