2019-12-12 13:04:38.597 [main] INFO    - Искали станцию: Маяковская
2019-12-12 13:04:38.605 [main] INFO   Main - Пользователь ввёл станцию: Маяковская
2019-12-12 13:04:49.554 [main] INFO   Main - Пользователь неверно ввёл станцию: чтоздесьтакоепроисходитвообще
2019-12-12 13:11:00.668 [main] ERROR   - Catching
java.lang.Exception: There is an exception here
	at Main.createStationIndex(Main.java:105) [classes/:?]
	at Main.getRouteCalculator(Main.java:54) [classes/:?]
	at Main.main(Main.java:35) [classes/:?]
2019-12-12 13:11:00.805 [main] ERROR  Main - EXCEPTION_MARKER
java.lang.Exception: There is an exception here
	at Main.createStationIndex(Main.java:105) [classes/:?]
	at Main.getRouteCalculator(Main.java:54) [classes/:?]
	at Main.main(Main.java:35) [classes/:?]
2019-12-12 13:11:06.051 [main] INFO    - Искали станцию: Маяковская
2019-12-12 13:11:06.057 [main] INFO   Main - Пользователь ввёл станцию: Маяковская
2019-12-12 13:11:08.166 [main] WARN    - Станция не найдена: пппппп
2019-12-12 13:11:08.166 [main] INFO   Main - Пользователь неверно ввёл станцию: пппппп
2019-12-12 13:13:30.906 [main] INFO    - Искали станцию: Маяковская
2019-12-12 13:13:30.912 [main] INFO   Main - Пользователь ввёл станцию: Маяковская
2019-12-12 13:13:51.405 [main] INFO   Main - Пользователь неверно ввёл станцию: ггг
