2019-12-12 13:00:41.838 [main] INFO   Main - Пользователь неверно ввёл станцию: Неверная станция
2019-12-12 13:04:49.554 [main] INFO   Main - Пользователь неверно ввёл станцию: чтоздесьтакоепроисходитвообще
2019-12-12 13:11:08.166 [main] INFO   Main - Пользователь неверно ввёл станцию: пппппп
2019-12-12 13:13:51.405 [main] INFO   Main - Пользователь неверно ввёл станцию: ггг
2019-12-12 13:26:16.459 [main] INFO   Main - Пользователь неверно ввёл станцию: fdfdfd
2019-12-12 13:30:27.817 [main] INFO   Main - Пользователь неверно ввёл станцию: fsdgdsfgdsg
2019-12-12 13:31:48.403 [main] INFO   Main - Пользователь неверно ввёл станцию: jhhj
2019-12-12 21:26:48.745 [main] INFO   Main - Пользователь неверно ввёл станцию: gjj
2019-12-12 21:43:25.480 [main] INFO   Main - Пользователь неверно ввёл станцию: fdfdfdfd
2019-12-12 21:52:01.247 [main] INFO   Main - Пользователь неверно ввёл станцию: dfsdgsdgf
2019-12-12 21:56:00.778 [main] INFO   Main - Пользователь неверно ввёл станцию: fdfdfdfdfdfdfd
2019-12-12 21:56:03.940 [main] INFO   Main - Пользователь неверно ввёл станцию: rfdfdfdd
2019-12-12 21:56:04.126 [main] INFO   Main - Пользователь неверно ввёл станцию: 
2019-12-12 21:57:05.443 [main] INFO   Main - Пользователь неверно ввёл станцию: dffdfdfdfd
2019-12-12 21:57:06.433 [main] INFO   Main - Пользователь неверно ввёл станцию: dffdfdfddf
2019-12-12 21:58:45.939 [main] INFO   Main - Пользователь неверно ввёл станцию: ssdfsdf
2019-12-12 21:58:46.381 [main] INFO   Main - Пользователь неверно ввёл станцию: sdfsd
2019-12-12 21:58:46.681 [main] INFO   Main - Пользователь неверно ввёл станцию: f
2019-12-12 21:58:47.038 [main] INFO   Main - Пользователь неверно ввёл станцию: sdf
2019-12-12 22:00:28.932 [main] INFO   Main - Пользователь неверно ввёл станцию: fdfdfd
2019-12-12 22:06:25.642 [main] INFO   Main - Пользователь неверно ввёл станцию: sdfdsf
2019-12-12 22:06:27.106 [main] INFO   Main - Пользователь неверно ввёл станцию: eeeee
